<?xml version="1.0" encoding="UTF-8"?>
<!-- Generated by org.testng.reporters.JUnitXMLReporter -->
<testsuite ignored="0" hostname="HP-VT4AJGH6PCH4" failures="0" tests="7" name="Default test" time="25.645" errors="0" timestamp="2024-10-14T17:48:54 IST">
  <testcase classname="api.testcases.TC_02_DataDrivenTesting" name="testPostUser" time="9.842"/>
  <testcase classname="api.testcases.TC_02_DataDrivenTesting" name="testPostUser" time="2.069"/>
  <testcase classname="api.testcases.TC_02_DataDrivenTesting" name="testPostUser" time="1.977"/>
  <testcase classname="api.testcases.TC_02_DataDrivenTesting" name="testPostUser" time="1.858"/>
  <testcase classname="api.testcases.TC_02_DataDrivenTesting" name="testPostUser" time="1.929"/>
  <testcase classname="api.testcases.TC_02_DataDrivenTesting" name="testPostUser" time="1.737"/>
  <testcase classname="api.testcases.TC_02_DataDrivenTesting" name="testPostUser" time="1.721"/>
</testsuite> <!-- Default test -->
