<?xml version="1.0" encoding="UTF-8"?>
<!-- Generated by org.testng.reporters.JUnitXMLReporter -->
<testsuite ignored="0" hostname="HP-VT4AJGH6PCH4" failures="0" tests="9" name="Test" time="26.397" errors="0" timestamp="2024-10-09T21:07:54 IST">
  <testcase classname="api.testcases.TC_02_DataDrivenTesting" name="testPostUser" time="8.708"/>
  <testcase classname="api.testcases.TC_02_DataDrivenTesting" name="testPostUser" time="2.289"/>
  <testcase classname="api.testcases.TC_02_DataDrivenTesting" name="testPostUser" time="1.818"/>
  <testcase classname="api.testcases.TC_02_DataDrivenTesting" name="testPostUser" time="2.24"/>
  <testcase classname="api.testcases.TC_02_DataDrivenTesting" name="testPostUser" time="3.162"/>
  <testcase classname="api.testcases.TC_02_DataDrivenTesting" name="testPostUser" time="2.241"/>
  <testcase classname="api.testcases.TC_02_DataDrivenTesting" name="testPostUser" time="1.98"/>
  <testcase classname="api.testcases.TC_01" name="setupdata" time="0.556"/>
  <testcase classname="api.testcases.TC_01" name="testpostuser" time="1.699"/>
</testsuite> <!-- Test -->
